(integer, -1)
(id, 0)
(;, -1)
(integer, -1)
(id, 1)
(;, -1)
(integer, -1)
(id, 2)
(=, -1)
(constant, 3)
(;, -1)
(read, -1)
((, -1)
(id, 0)
(), -1)
(;, -1)
(for, -1)
((, -1)
(id, 1)
(=, -1)
(constant, 4)
(;, -1)
(id, 1)
(<=, -1)
(id, 0)
(div, -1)
(constant, 4)
(;, -1)
(id, 1)
(=, -1)
(id, 1)
(+, -1)
(constant, 5)
(), -1)
({, -1)
(if, -1)
((, -1)
(id, 0)
(mod, -1)
(constant, 4)
(==, -1)
(constant, 3)
(), -1)
({, -1)
(id, 2)
(=, -1)
(id, 2)
(+, -1)
(constant, 5)
(;, -1)
(}, -1)
(}, -1)
(if, -1)
((, -1)
(id, 2)
(>, -1)
(constant, 3)
(), -1)
({, -1)
(print, -1)
((, -1)
(constant, 6)
(), -1)
(;, -1)
(}, -1)
(else, -1)
({, -1)
(print, -1)
((, -1)
(constant, 7)
(), -1)
(;, -1)
(}, -1)
